<?xml version="1.0" encoding="UTF-8"?>
<!-- Generated by org.testng.reporters.JUnitReportReporter -->
<testsuite hostname="DESKTOP-KQ9BQLD" name="test.smple" tests="1" failures="0" timestamp="27 Jul 2022 07:47:25 GMT" time="0.048" errors="0">
  <testcase name="m1" time="0.048" classname="test.smple"/>
</testsuite> <!-- test.smple -->
